#
# A fatal error has been detected by the Java Runtime Environment:
#
#  EXCEPTION_ACCESS_VIOLATION (0xc0000005) at pc=0x66319ab5, pid=4392, tid=1508
#
# JRE version: Java(TM) SE Runtime Environment (8.0_66-b17) (build 1.8.0_66-b17)
# Java VM: Java HotSpot(TM) Client VM (25.66-b17 mixed mode windows-x86 )
# Problematic frame:
# C  [awt.dll+0xa9ab5]
#
# Failed to write core dump. Minidumps are not enabled by default on client versions of Windows
#
# If you would like to submit a bug report, please visit:
#   http://bugreport.java.com/bugreport/crash.jsp
# The crash happened outside the Java Virtual Machine in native code.
# See problematic frame for where to report the bug.
#

---------------  T H R E A D  ---------------

Current thread (0x27918c00):  JavaThread "AWT-EventQueue-0" [_thread_in_native, id=1508, stack(0x29070000,0x290c0000)]

siginfo: ExceptionCode=0xc0000005, reading address 0x00000004

Registers:
EAX=0x0000000d, EBX=0x278125d8, ECX=0x00000000, EDX=0x00afb5d0
ESP=0x290bde18, EBP=0x774a4850, ESI=0x278c91a8, EDI=0xcc01123e
EIP=0x66319ab5, EFLAGS=0x00010213

Top of Stack: (sp=0x290bde18)
0x290bde18:   6629e93f cc01123e 278125d8 27918d40
0x290bde28:   290bdee8 290be3e4 662cb31f 27918d40
0x290bde38:   278125d8 290be3e4 662cb336 00000001
0x290bde48:   00000000 00000000 6629bb85 27918d40
0x290bde58:   290be3e4 27918c00 28eec0a8 28eec0a8
0x290bde68:   290bde9c 024943b4 04e01038 27e05668
0x290bde78:   290be3e0 27918d40 272562d5 290bdec8
0x290bde88:   272656b8 00000000 27256368 00000000 

Instructions: (pc=0x66319ab5)
0x66319a95:   00 00 c3 8b 41 04 8b 80 0c 0c 00 00 c3 8b 01 83
0x66319aa5:   78 04 08 7e 03 33 c0 c3 8b 49 04 e9 94 eb fe ff
0x66319ab5:   8b 49 04 85 c9 74 05 e9 a2 e9 fe ff 33 c0 c2 04
0x66319ac5:   00 8b 49 04 85 c9 74 05 e9 b7 e9 fe ff c2 04 00 


Register to memory mapping:

EAX=0x0000000d is an unknown value
EBX=0x278125d8 is an unknown value
ECX=0x00000000 is an unknown value
EDX=0x00afb5d0 is an unknown value
ESP=0x290bde18 is pointing into the stack for thread: 0x27918c00
EBP=0x774a4850 is an unknown value
ESI=0x278c91a8 is an unknown value
EDI=0xcc01123e is an unknown value


Stack: [0x29070000,0x290c0000],  sp=0x290bde18,  free space=311k
Native frames: (J=compiled Java code, j=interpreted, Vv=VM code, C=native code)
C  [awt.dll+0xa9ab5]

Java frames: (J=compiled Java code, j=interpreted, Vv=VM code)
j  sun.java2d.windows.GDIBlitLoops.nativeBlit(Lsun/java2d/SurfaceData;Lsun/java2d/SurfaceData;Lsun/java2d/pipe/Region;IIIIIIIIIZ)V+0
j  sun.java2d.windows.GDIBlitLoops.Blit(Lsun/java2d/SurfaceData;Lsun/java2d/SurfaceData;Ljava/awt/Composite;Lsun/java2d/pipe/Region;IIIIII)V+33
j  sun.java2d.pipe.DrawImage.blitSurfaceData(Lsun/java2d/SunGraphics2D;Lsun/java2d/pipe/Region;Lsun/java2d/SurfaceData;Lsun/java2d/SurfaceData;Lsun/java2d/loops/SurfaceType;Lsun/java2d/loops/SurfaceType;IIIIIILjava/awt/Color;)V+97
j  sun.java2d.pipe.DrawImage.renderImageCopy(Lsun/java2d/SunGraphics2D;Ljava/awt/Image;Ljava/awt/Color;IIIIII)Z+75
j  sun.java2d.pipe.DrawImage.copyImage(Lsun/java2d/SunGraphics2D;Ljava/awt/Image;IILjava/awt/Color;)Z+45
j  sun.java2d.pipe.DrawImage.copyImage(Lsun/java2d/SunGraphics2D;Ljava/awt/Image;IILjava/awt/Color;Ljava/awt/image/ImageObserver;)Z+15
j  sun.java2d.pipe.ValidatePipe.copyImage(Lsun/java2d/SunGraphics2D;Ljava/awt/Image;IILjava/awt/Color;Ljava/awt/image/ImageObserver;)Z+21
j  sun.java2d.SunGraphics2D.drawImage(Ljava/awt/Image;IILjava/awt/Color;Ljava/awt/image/ImageObserver;)Z+66
j  sun.java2d.SunGraphics2D.drawImage(Ljava/awt/Image;IILjava/awt/image/ImageObserver;)Z+7
j  javax.swing.RepaintManager$PaintManager.paintDoubleBuffered(Ljavax/swing/JComponent;Ljava/awt/Image;Ljava/awt/Graphics;IIII)V+242
j  javax.swing.RepaintManager$PaintManager.paint(Ljavax/swing/JComponent;Ljavax/swing/JComponent;Ljava/awt/Graphics;IIII)Z+116
j  javax.swing.RepaintManager.paint(Ljavax/swing/JComponent;Ljavax/swing/JComponent;Ljava/awt/Graphics;IIII)V+51
j  javax.swing.JComponent.paint(Ljava/awt/Graphics;)V+221
j  java.awt.GraphicsCallback$PaintCallback.run(Ljava/awt/Component;Ljava/awt/Graphics;)V+2
j  sun.awt.SunGraphicsCallback.runOneComponent(Ljava/awt/Component;Ljava/awt/Rectangle;Ljava/awt/Graphics;Ljava/awt/Shape;I)V+155
j  sun.awt.SunGraphicsCallback.runComponents([Ljava/awt/Component;Ljava/awt/Graphics;I)V+194
j  java.awt.Container.paint(Ljava/awt/Graphics;)V+58
j  java.awt.Window.paint(Ljava/awt/Graphics;)V+68
j  javax.swing.RepaintManager$4.run()Ljava/lang/Void;+142
j  javax.swing.RepaintManager$4.run()Ljava/lang/Object;+1
v  ~StubRoutines::call_stub
J 1488  java.security.AccessController.doPrivileged(Ljava/security/PrivilegedAction;Ljava/security/AccessControlContext;)Ljava/lang/Object; (0 bytes) @ 0x02728a47 [0x027289e0+0x67]
J 1499 C1 java.security.ProtectionDomain$JavaSecurityAccessImpl.doIntersectionPrivilege(Ljava/security/PrivilegedAction;Ljava/security/AccessControlContext;Ljava/security/AccessControlContext;)Ljava/lang/Object; (22 bytes) @ 0x0272ae00 [0x0272ad00+0x100]
j  javax.swing.RepaintManager.paintDirtyRegions(Ljava/util/Map;)V+154
j  javax.swing.RepaintManager.paintDirtyRegions()V+46
j  javax.swing.RepaintManager.prePaintDirtyRegions()V+73
j  javax.swing.RepaintManager.access$1200(Ljavax/swing/RepaintManager;)V+1
j  javax.swing.RepaintManager$ProcessingRunnable.run()V+37
j  java.awt.event.InvocationEvent.dispatch()V+47
j  java.awt.EventQueue.dispatchEventImpl(Ljava/awt/AWTEvent;Ljava/lang/Object;)V+21
j  java.awt.EventQueue.access$500(Ljava/awt/EventQueue;Ljava/awt/AWTEvent;Ljava/lang/Object;)V+3
j  java.awt.EventQueue$3.run()Ljava/lang/Void;+32
j  java.awt.EventQueue$3.run()Ljava/lang/Object;+1
v  ~StubRoutines::call_stub
J 1488  java.security.AccessController.doPrivileged(Ljava/security/PrivilegedAction;Ljava/security/AccessControlContext;)Ljava/lang/Object; (0 bytes) @ 0x02728a47 [0x027289e0+0x67]
J 1499 C1 java.security.ProtectionDomain$JavaSecurityAccessImpl.doIntersectionPrivilege(Ljava/security/PrivilegedAction;Ljava/security/AccessControlContext;Ljava/security/AccessControlContext;)Ljava/lang/Object; (22 bytes) @ 0x0272ae00 [0x0272ad00+0x100]
j  java.awt.EventQueue.dispatchEvent(Ljava/awt/AWTEvent;)V+46
J 1478 C1 java.awt.EventDispatchThread.pumpOneEventForFilters(I)V (295 bytes) @ 0x02725154 [0x02724ac0+0x694]
j  java.awt.EventDispatchThread.pumpEventsForFilter(ILjava/awt/Conditional;Ljava/awt/EventFilter;)V+35
j  java.awt.EventDispatchThread.pumpEventsForHierarchy(ILjava/awt/Conditional;Ljava/awt/Component;)V+11
j  java.awt.EventDispatchThread.pumpEvents(ILjava/awt/Conditional;)V+4
j  java.awt.EventDispatchThread.pumpEvents(Ljava/awt/Conditional;)V+3
j  java.awt.EventDispatchThread.run()V+9
v  ~StubRoutines::call_stub

---------------  P R O C E S S  ---------------

Java Threads: ( => current thread )
  0x27918800 JavaThread "JmDNS(DESKTOP-LVLHCBQ.local.).Timer" daemon [_thread_blocked, id=7044, stack(0x29b30000,0x29b80000)]
  0x2791a000 JavaThread "JmDNS(DESKTOP-LVLHCBQ.local.).State.Timer" [_thread_blocked, id=7972, stack(0x29aa0000,0x29af0000)]
  0x2791c800 JavaThread "JmDNS(DESKTOP-LVLHCBQ.local.).Timer" daemon [_thread_blocked, id=9008, stack(0x29a10000,0x29a60000)]
  0x2791e400 JavaThread "SocketListener(DESKTOP-LVLHCBQ.local.)" daemon [_thread_in_native, id=8108, stack(0x29980000,0x299d0000)]
  0x2791c000 JavaThread "DestroyJavaVM" [_thread_blocked, id=4572, stack(0x02250000,0x022a0000)]
  0x2791b800 JavaThread "Timer-0" [_thread_in_native, id=3468, stack(0x044d0000,0x04520000)]
=>0x27918c00 JavaThread "AWT-EventQueue-0" [_thread_in_native, id=1508, stack(0x29070000,0x290c0000)]
  0x27919c00 JavaThread "AWT-Shutdown" [_thread_blocked, id=1684, stack(0x28fe0000,0x29030000)]
  0x2791d800 JavaThread "TimerQueue" daemon [_thread_blocked, id=564, stack(0x28e50000,0x28ea0000)]
  0x2791b400 JavaThread "Batik CleanerThread" daemon [_thread_blocked, id=6836, stack(0x28920000,0x28970000)]
  0x2590f400 JavaThread "JmDNS(fe80:0:0:0:4d2e:5779:ab3c:b806%eth6.local.).State.Timer" [_thread_blocked, id=6496, stack(0x285a0000,0x285f0000)]
  0x25912000 JavaThread "SocketListener(fe80:0:0:0:4d2e:5779:ab3c:b806%eth6.local.)" daemon [_thread_in_native, id=3896, stack(0x25bc0000,0x25c10000)]
  0x257d3c00 JavaThread "cc.arduino.packages.discoverers.network.BoardReachabilityFilter" [_thread_blocked, id=8404, stack(0x26eb0000,0x26f00000)]
  0x257a6000 JavaThread "cc.arduino.packages.discoverers.network.NetworkChecker" [_thread_blocked, id=8888, stack(0x26e20000,0x26e70000)]
  0x2572c400 JavaThread "cc.arduino.packages.discoverers.serial.SerialBoardsLister" [_thread_blocked, id=6436, stack(0x26d90000,0x26de0000)]
  0x25718000 JavaThread "AWT-Windows" daemon [_thread_in_native, id=4300, stack(0x25c50000,0x25ca0000)]
  0x25717000 JavaThread "Java2D Disposer" daemon [_thread_blocked, id=1244, stack(0x25b30000,0x25b80000)]
  0x24f34000 JavaThread "Service Thread" daemon [_thread_blocked, id=7764, stack(0x25510000,0x25560000)]
  0x24f3b400 JavaThread "C1 CompilerThread0" daemon [_thread_blocked, id=5344, stack(0x25480000,0x254d0000)]
  0x24f39c00 JavaThread "Attach Listener" daemon [_thread_blocked, id=5940, stack(0x253f0000,0x25440000)]
  0x24f37c00 JavaThread "Signal Dispatcher" daemon [_thread_blocked, id=1972, stack(0x25360000,0x253b0000)]
  0x24f08000 JavaThread "Finalizer" daemon [_thread_blocked, id=4676, stack(0x251d0000,0x25220000)]
  0x24f03400 JavaThread "Reference Handler" daemon [_thread_blocked, id=5432, stack(0x25140000,0x25190000)]

Other Threads:
  0x0216d000 VMThread [stack: 0x24eb0000,0x24f00000] [id=1332]
  0x24f5dc00 WatcherThread [stack: 0x255a0000,0x255f0000] [id=7076]

VM state:not at safepoint (normal execution)

VM Mutex/Monitor currently owned by a thread: None

Heap:
 def new generation   total 39424K, used 26278K [0x04600000, 0x070c0000, 0x0f0a0000)
  eden space 35072K,  65% used [0x04600000, 0x05c6fbc0, 0x06840000)
  from space 4352K,  75% used [0x06840000, 0x06b79e10, 0x06c80000)
  to   space 4352K,   0% used [0x06c80000, 0x06c80000, 0x070c0000)
 tenured generation   total 87424K, used 25294K [0x0f0a0000, 0x14600000, 0x24600000)
   the space 87424K,  28% used [0x0f0a0000, 0x10953968, 0x10953a00, 0x14600000)
 Metaspace       used 18645K, capacity 19070K, committed 19072K, reserved 19840K

Card table byte_map: [0x24600000,0x24710000] byte_map_base: 0x245dd000

Polling page: 0x00710000

CodeCache: size=32768Kb used=2951Kb max_used=2951Kb free=29816Kb
 bounds [0x02490000, 0x02778000, 0x04490000]
 total_blobs=1886 nmethods=1613 adapters=203
 compilation: enabled

Compilation events (10 events):
Event: 232.851 Thread 0x24f3b400 1634             sun.java2d.loops.RenderCache$Entry::matches (30 bytes)
Event: 232.851 Thread 0x24f3b400 nmethod 1634 0x0276e148 code [0x0276e240, 0x0276e300]
Event: 232.853 Thread 0x24f3b400 1635  s          sun.java2d.loops.RenderCache::get (100 bytes)
Event: 232.855 Thread 0x24f3b400 nmethod 1635 0x0276e348 code [0x0276e470, 0x0276e84c]
Event: 234.422 Thread 0x24f3b400 1636             java.util.ComparableTimSort::mergeLo (656 bytes)
Event: 234.430 Thread 0x24f3b400 nmethod 1636 0x0276eb48 code [0x0276ed80, 0x027700c0]
Event: 234.459 Thread 0x24f3b400 1637             sun.swing.ImageCache::getEntry (148 bytes)
Event: 234.464 Thread 0x24f3b400 nmethod 1637 0x02770d08 code [0x02770eb0, 0x027713e4]
Event: 234.464 Thread 0x24f3b400 1638             java.awt.font.FontRenderContext::equals (127 bytes)
Event: 234.468 Thread 0x24f3b400 nmethod 1638 0x02771a88 code [0x02771bf0, 0x027720c0]

GC Heap History (10 events):
Event: 1.791 GC heap before
{Heap before GC invocations=0 (full 0):
 def new generation   total 39296K, used 34944K [0x04600000, 0x070a0000, 0x0f0a0000)
  eden space 34944K, 100% used [0x04600000, 0x06820000, 0x06820000)
  from space 4352K,   0% used [0x06820000, 0x06820000, 0x06c60000)
  to   space 4352K,   0% used [0x06c60000, 0x06c60000, 0x070a0000)
 tenured generation   total 87424K, used 0K [0x0f0a0000, 0x14600000, 0x24600000)
   the space 87424K,   0% used [0x0f0a0000, 0x0f0a0000, 0x0f0a0200, 0x14600000)
 Metaspace       used 8310K, capacity 8494K, committed 8576K, reserved 8576K
Event: 1.804 GC heap after
Heap after GC invocations=1 (full 0):
 def new generation   total 39296K, used 4352K [0x04600000, 0x070a0000, 0x0f0a0000)
  eden space 34944K,   0% used [0x04600000, 0x04600000, 0x06820000)
  from space 4352K, 100% used [0x06c60000, 0x070a0000, 0x070a0000)
  to   space 4352K,   0% used [0x06820000, 0x06820000, 0x06c60000)
 tenured generation   total 87424K, used 1991K [0x0f0a0000, 0x14600000, 0x24600000)
   the space 87424K,   2% used [0x0f0a0000, 0x0f291f48, 0x0f292000, 0x14600000)
 Metaspace       used 8310K, capacity 8494K, committed 8576K, reserved 8576K
}
Event: 2.683 GC heap before
{Heap before GC invocations=1 (full 0):
 def new generation   total 39296K, used 39296K [0x04600000, 0x070a0000, 0x0f0a0000)
  eden space 34944K, 100% used [0x04600000, 0x06820000, 0x06820000)
  from space 4352K, 100% used [0x06c60000, 0x070a0000, 0x070a0000)
  to   space 4352K,   0% used [0x06820000, 0x06820000, 0x06c60000)
 tenured generation   total 87424K, used 1991K [0x0f0a0000, 0x14600000, 0x24600000)
   the space 87424K,   2% used [0x0f0a0000, 0x0f291f48, 0x0f292000, 0x14600000)
 Metaspace       used 11587K, capacity 11950K, committed 12032K, reserved 12672K
Event: 2.701 GC heap after
Heap after GC invocations=2 (full 0):
 def new generation   total 39296K, used 4352K [0x04600000, 0x070a0000, 0x0f0a0000)
  eden space 34944K,   0% used [0x04600000, 0x04600000, 0x06820000)
  from space 4352K, 100% used [0x06820000, 0x06c60000, 0x06c60000)
  to   space 4352K,   0% used [0x06c60000, 0x06c60000, 0x070a0000)
 tenured generation   total 87424K, used 9252K [0x0f0a0000, 0x14600000, 0x24600000)
   the space 87424K,  10% used [0x0f0a0000, 0x0f9a9340, 0x0f9a9400, 0x14600000)
 Metaspace       used 11587K, capacity 11950K, committed 12032K, reserved 12672K
}
Event: 2.824 GC heap before
{Heap before GC invocations=2 (full 0):
 def new generation   total 39296K, used 9978K [0x04600000, 0x070a0000, 0x0f0a0000)
  eden space 34944K,  16% used [0x04600000, 0x04b7e920, 0x06820000)
  from space 4352K, 100% used [0x06820000, 0x06c60000, 0x06c60000)
  to   space 4352K,   0% used [0x06c60000, 0x06c60000, 0x070a0000)
 tenured generation   total 87424K, used 9252K [0x0f0a0000, 0x14600000, 0x24600000)
   the space 87424K,  10% used [0x0f0a0000, 0x0f9a9340, 0x0f9a9400, 0x14600000)
 Metaspace       used 11913K, capacity 12248K, committed 12288K, reserved 12672K
Event: 2.849 GC heap after
Heap after GC invocations=3 (full 1):
 def new generation   total 39424K, used 0K [0x04600000, 0x070c0000, 0x0f0a0000)
  eden space 35072K,   0% used [0x04600000, 0x04600000, 0x06840000)
  from space 4352K,   0% used [0x06840000, 0x06840000, 0x06c80000)
  to   space 4352K,   0% used [0x06c80000, 0x06c80000, 0x070c0000)
 tenured generation   total 87424K, used 13927K [0x0f0a0000, 0x14600000, 0x24600000)
   the space 87424K,  15% used [0x0f0a0000, 0x0fe39e28, 0x0fe3a000, 0x14600000)
 Metaspace       used 11913K, capacity 12248K, committed 12288K, reserved 12672K
}
Event: 4.066 GC heap before
{Heap before GC invocations=3 (full 1):
 def new generation   total 39424K, used 35072K [0x04600000, 0x070c0000, 0x0f0a0000)
  eden space 35072K, 100% used [0x04600000, 0x06840000, 0x06840000)
  from space 4352K,   0% used [0x06840000, 0x06840000, 0x06c80000)
  to   space 4352K,   0% used [0x06c80000, 0x06c80000, 0x070c0000)
 tenured generation   total 87424K, used 13927K [0x0f0a0000, 0x14600000, 0x24600000)
   the space 87424K,  15% used [0x0f0a0000, 0x0fe39e28, 0x0fe3a000, 0x14600000)
 Metaspace       used 15851K, capacity 16242K, committed 16256K, reserved 16768K
Event: 4.075 GC heap after
Heap after GC invocations=4 (full 1):
 def new generation   total 39424K, used 4352K [0x04600000, 0x070c0000, 0x0f0a0000)
  eden space 35072K,   0% used [0x04600000, 0x04600000, 0x06840000)
  from space 4352K, 100% used [0x06c80000, 0x070c0000, 0x070c0000)
  to   space 4352K,   0% used [0x06840000, 0x06840000, 0x06c80000)
 tenured generation   total 87424K, used 15255K [0x0f0a0000, 0x14600000, 0x24600000)
   the space 87424K,  17% used [0x0f0a0000, 0x0ff85f88, 0x0ff86000, 0x14600000)
 Metaspace       used 15851K, capacity 16242K, committed 16256K, reserved 16768K
}
Event: 118.729 GC heap before
{Heap before GC invocations=4 (full 1):
 def new generation   total 39424K, used 34742K [0x04600000, 0x070c0000, 0x0f0a0000)
  eden space 35072K,  86% used [0x04600000, 0x063ada18, 0x06840000)
  from space 4352K, 100% used [0x06c80000, 0x070c0000, 0x070c0000)
  to   space 4352K,   0% used [0x06840000, 0x06840000, 0x06c80000)
 tenured generation   total 87424K, used 15255K [0x0f0a0000, 0x14600000, 0x24600000)
   the space 87424K,  17% used [0x0f0a0000, 0x0ff85f88, 0x0ff86000, 0x14600000)
 Metaspace       used 17576K, capacity 18018K, committed 18048K, reserved 18816K
Event: 118.749 GC heap after
Heap after GC invocations=5 (full 1):
 def new generation   total 39424K, used 3303K [0x04600000, 0x070c0000, 0x0f0a0000)
  eden space 35072K,   0% used [0x04600000, 0x04600000, 0x06840000)
  from space 4352K,  75% used [0x06840000, 0x06b79e10, 0x06c80000)
  to   space 4352K,   0% used [0x06c80000, 0x06c80000, 0x070c0000)
 tenured generation   total 87424K, used 25294K [0x0f0a0000, 0x14600000, 0x24600000)
   the space 87424K,  28% used [0x0f0a0000, 0x10953968, 0x10953a00, 0x14600000)
 Metaspace       used 17576K, capacity 18018K, committed 18048K, reserved 18816K
}

Deoptimization events (0 events):
No events

Internal exceptions (10 events):
Event: 2.762 Thread 0x0090d800 Exception <a 'sun/nio/fs/WindowsException'> (0x048d5e68) thrown at [C:\re\workspace\8-2-build-windows-i586-cygwin\jdk8u66\4988\hotspot\src\share\vm\prims\jni.cpp, line 709]
Event: 6.780 Thread 0x257a6000 Exception <a 'java/net/UnknownHostException'> (0x057bf920) thrown at [C:\re\workspace\8-2-build-windows-i586-cygwin\jdk8u66\4988\hotspot\src\share\vm\prims\jni.cpp, line 735]
Event: 11.511 Thread 0x257a6000 Exception <a 'java/net/UnknownHostException'> (0x057c2488) thrown at [C:\re\workspace\8-2-build-windows-i586-cygwin\jdk8u66\4988\hotspot\src\share\vm\prims\jni.cpp, line 735]
Event: 122.250 Thread 0x2791cc00 Exception <a 'java/net/SocketException': socket closed> (0x04f787f0) thrown at [C:\re\workspace\8-2-build-windows-i586-cygwin\jdk8u66\4988\hotspot\src\share\vm\prims\jni.cpp, line 735]
Event: 128.252 Thread 0x257a6000 Exception <a 'java/net/SocketException': error setting options> (0x04f517f0) thrown at [C:\re\workspace\8-2-build-windows-i586-cygwin\jdk8u66\4988\hotspot\src\share\vm\prims\jni.cpp, line 735]
Event: 128.252 Thread 0x27917c00 Exception <a 'java/net/SocketException': socket closed> (0x04fcc7d0) thrown at [C:\re\workspace\8-2-build-windows-i586-cygwin\jdk8u66\4988\hotspot\src\share\vm\prims\jni.cpp, line 735]
Event: 129.986 Thread 0x2791b800 Exception <a 'sun/nio/fs/WindowsException'> (0x050050a8) thrown at [C:\re\workspace\8-2-build-windows-i586-cygwin\jdk8u66\4988\hotspot\src\share\vm\prims\jni.cpp, line 709]
Event: 131.315 Thread 0x2791b800 Exception <a 'sun/nio/fs/WindowsException'> (0x0503bab0) thrown at [C:\re\workspace\8-2-build-windows-i586-cygwin\jdk8u66\4988\hotspot\src\share\vm\prims\jni.cpp, line 709]
Event: 134.253 Thread 0x2590e000 Exception <a 'java/net/SocketException': socket closed> (0x05b8d4a8) thrown at [C:\re\workspace\8-2-build-windows-i586-cygwin\jdk8u66\4988\hotspot\src\share\vm\prims\jni.cpp, line 735]
Event: 230.450 Thread 0x2590e800 Exception <a 'java/net/SocketException': socket closed> (0x05bbbe70) thrown at [C:\re\workspace\8-2-build-windows-i586-cygwin\jdk8u66\4988\hotspot\src\share\vm\prims\jni.cpp, line 735]

Events (10 events):
Event: 231.473 Thread 0x25910000 Thread exited: 0x25910000
Event: 231.474 Thread 0x25910800 Thread exited: 0x25910800
Event: 232.078 Executing VM operation: RevokeBias
Event: 232.079 Executing VM operation: RevokeBias done
Event: 232.080 Executing VM operation: RevokeBias
Event: 232.080 Executing VM operation: RevokeBias done
Event: 232.080 Executing VM operation: RevokeBias
Event: 232.080 Executing VM operation: RevokeBias done
Event: 232.125 Executing VM operation: RevokeBias
Event: 232.125 Executing VM operation: RevokeBias done


Dynamic libraries:
0x00020000 - 0x00053000 	C:\Program Files (x86)\Arduino\java\bin\javaw.exe
0x77be0000 - 0x77d62000 	C:\WINDOWS\SYSTEM32\ntdll.dll
0x74a60000 - 0x74b40000 	C:\WINDOWS\System32\KERNEL32.DLL
0x77290000 - 0x77431000 	C:\WINDOWS\System32\KERNELBASE.dll
0x74ce0000 - 0x74d57000 	C:\WINDOWS\System32\ADVAPI32.dll
0x774d0000 - 0x7758e000 	C:\WINDOWS\System32\msvcrt.dll
0x746c0000 - 0x74701000 	C:\WINDOWS\System32\sechost.dll
0x77af0000 - 0x77bb1000 	C:\WINDOWS\System32\RPCRT4.dll
0x746a0000 - 0x746be000 	C:\WINDOWS\System32\SspiCli.dll
0x74690000 - 0x7469a000 	C:\WINDOWS\System32\CRYPTBASE.dll
0x77440000 - 0x7749a000 	C:\WINDOWS\System32\bcryptPrimitives.dll
0x74760000 - 0x748bf000 	C:\WINDOWS\System32\USER32.dll
0x77bc0000 - 0x77bd5000 	C:\WINDOWS\System32\win32u.dll
0x774a0000 - 0x774cb000 	C:\WINDOWS\System32\GDI32.dll
0x74dc0000 - 0x74f1b000 	C:\WINDOWS\System32\gdi32full.dll
0x66a60000 - 0x66c6a000 	C:\WINDOWS\WinSxS\x86_microsoft.windows.common-controls_6595b64144ccf1df_6.0.14393.0_none_74bc87d3d22d9abe\COMCTL32.dll
0x76670000 - 0x76881000 	C:\WINDOWS\System32\combase.dll
0x75080000 - 0x75160000 	C:\WINDOWS\System32\ucrtbase.dll
0x76990000 - 0x769b5000 	C:\WINDOWS\System32\IMM32.DLL
0x66830000 - 0x668ef000 	C:\Program Files (x86)\Arduino\java\bin\msvcr100.dll
0x66460000 - 0x66825000 	C:\Program Files (x86)\Arduino\java\bin\client\jvm.dll
0x76f30000 - 0x76f36000 	C:\WINDOWS\System32\PSAPI.DLL
0x74620000 - 0x74628000 	C:\WINDOWS\SYSTEM32\VERSION.dll
0x73890000 - 0x73898000 	C:\WINDOWS\SYSTEM32\WSOCK32.dll
0x73ca0000 - 0x73cc4000 	C:\WINDOWS\SYSTEM32\WINMM.dll
0x77610000 - 0x77673000 	C:\WINDOWS\System32\WS2_32.dll
0x006d0000 - 0x006f3000 	C:\WINDOWS\SYSTEM32\WINMMBASE.dll
0x76f40000 - 0x76f76000 	C:\WINDOWS\System32\cfgmgr32.dll
0x66420000 - 0x66451000 	C:\Program Files (x86)\Arduino\java\bin\splashscreen.dll
0x6ab10000 - 0x6ab85000 	C:\WINDOWS\system32\uxtheme.dll
0x66410000 - 0x6641c000 	C:\Program Files (x86)\Arduino\java\bin\verify.dll
0x74920000 - 0x74a56000 	C:\WINDOWS\System32\MSCTF.dll
0x74f20000 - 0x74fb4000 	C:\WINDOWS\System32\OLEAUT32.dll
0x77590000 - 0x7760b000 	C:\WINDOWS\System32\msvcp_win.dll
0x663e0000 - 0x66401000 	C:\Program Files (x86)\Arduino\java\bin\java.dll
0x663c0000 - 0x663d3000 	C:\Program Files (x86)\Arduino\java\bin\zip.dll
0x74db0000 - 0x74dbd000 	C:\WINDOWS\System32\kernel.appcore.dll
0x75160000 - 0x76537000 	C:\WINDOWS\System32\SHELL32.dll
0x769c0000 - 0x76f2e000 	C:\WINDOWS\System32\windows.storage.dll
0x74710000 - 0x74755000 	C:\WINDOWS\System32\powrprof.dll
0x74d60000 - 0x74da6000 	C:\WINDOWS\System32\shlwapi.dll
0x77200000 - 0x77288000 	C:\WINDOWS\System32\shcore.dll
0x74fc0000 - 0x74fcf000 	C:\WINDOWS\System32\profapi.dll
0x66270000 - 0x663b5000 	C:\Program Files (x86)\Arduino\java\bin\awt.dll
0x661d0000 - 0x66262000 	C:\WINDOWS\SYSTEM32\apphelp.dll
0x6aa90000 - 0x6aaaf000 	C:\WINDOWS\system32\dwmapi.dll
0x768a0000 - 0x7698a000 	C:\WINDOWS\System32\ole32.dll
0x661b0000 - 0x661c6000 	C:\Program Files (x86)\Arduino\java\bin\net.dll
0x71c80000 - 0x71cce000 	C:\WINDOWS\system32\mswsock.dll
0x73f60000 - 0x73f8f000 	C:\WINDOWS\SYSTEM32\IPHLPAPI.DLL
0x76890000 - 0x76897000 	C:\WINDOWS\System32\NSI.dll
0x61940000 - 0x61976000 	C:\Program Files (x86)\Arduino\lib\listSerialsj.dll
0x77680000 - 0x77a8b000 	C:\WINDOWS\System32\SETUPAPI.dll
0x727f0000 - 0x72803000 	C:\WINDOWS\SYSTEM32\dhcpcsvc6.DLL
0x71cd0000 - 0x71ce4000 	C:\WINDOWS\SYSTEM32\dhcpcsvc.DLL
0x729e0000 - 0x729f3000 	C:\WINDOWS\SYSTEM32\CRYPTSP.dll
0x729b0000 - 0x729df000 	C:\WINDOWS\system32\rsaenh.dll
0x73870000 - 0x7388b000 	C:\WINDOWS\SYSTEM32\bcrypt.dll
0x73f90000 - 0x73faa000 	C:\WINDOWS\SYSTEM32\USERENV.dll
0x661a0000 - 0x661af000 	C:\Program Files (x86)\Arduino\java\bin\nio.dll
0x27140000 - 0x2717d000 	C:\Users\kamil\AppData\Local\Temp\jna-101814586\jna2659657898720433866.dll
0x73ee0000 - 0x73f5c000 	C:\WINDOWS\SYSTEM32\DNSAPI.dll
0x6ef30000 - 0x6ef51000 	C:\Program Files (x86)\Bonjour\mdnsNSP.dll
0x6ef20000 - 0x6ef28000 	C:\Windows\System32\rasadhlp.dll
0x66160000 - 0x66199000 	C:\Program Files (x86)\Arduino\java\bin\fontmanager.dll
0x66130000 - 0x66160000 	C:\Program Files (x86)\Arduino\java\bin\t2k.dll
0x6eed0000 - 0x6ef19000 	C:\WINDOWS\System32\fwpuclnt.dll
0x660c0000 - 0x66129000 	C:\Program Files (x86)\Arduino\msvcp100.dll
0x66000000 - 0x660be000 	C:\Program Files (x86)\Arduino\msvcr100.dll
0x288a0000 - 0x288d2000 	C:\Program Files (x86)\Arduino\lib\AStylej.dll
0x65fd0000 - 0x65ff4000 	C:\Program Files (x86)\Arduino\java\bin\dcpr.dll
0x76540000 - 0x765c4000 	C:\WINDOWS\System32\clbcatq.dll
0x668f0000 - 0x66a5e000 	C:\WINDOWS\SYSTEM32\WindowsCodecs.dll
0x68970000 - 0x689b4000 	C:\WINDOWS\system32\dataexchange.dll
0x6a100000 - 0x6a330000 	C:\WINDOWS\system32\d3d11.dll
0x68850000 - 0x68963000 	C:\WINDOWS\system32\dcomp.dll
0x6a070000 - 0x6a0f4000 	C:\WINDOWS\system32\dxgi.dll
0x68750000 - 0x68841000 	C:\WINDOWS\system32\twinapi.appcore.dll
0x65fb0000 - 0x65fd0000 	C:\Program Files (x86)\Arduino\java\bin\sunec.dll
0x6f5f0000 - 0x6f602000 	C:\WINDOWS\system32\napinsp.dll
0x6f5d0000 - 0x6f5e6000 	C:\WINDOWS\system32\pnrpnsp.dll
0x6ef70000 - 0x6ef84000 	C:\WINDOWS\system32\NLAapi.dll
0x6ef60000 - 0x6ef6c000 	C:\WINDOWS\System32\winrnr.dll
0x6ee80000 - 0x6ee91000 	C:\WINDOWS\System32\wshbth.dll
0x6a740000 - 0x6a885000 	C:\WINDOWS\SYSTEM32\dbghelp.dll

VM Arguments:
jvm_args: -Dsun.java2d.d3d=false -DAPP_DIR=C:\Program Files (x86)\Arduino -Xms128M -Xmx512M 
java_command: processing.app.Base C:\Users\kamil\Desktop\ACcontroller\heaterdriver\heaterdriver.ino
java_class_path (initial): C:\Program Files (x86)\Arduino\lib\apple.jar;C:\Program Files (x86)\Arduino\lib\arduino-core.jar;C:\Program Files (x86)\Arduino\lib\batik-1.8.jar;C:\Program Files (x86)\Arduino\lib\batik-anim-1.8.jar;C:\Program Files (x86)\Arduino\lib\batik-awt-util-1.8.jar;C:\Program Files (x86)\Arduino\lib\batik-bridge-1.8.jar;C:\Program Files (x86)\Arduino\lib\batik-codec-1.8.jar;C:\Program Files (x86)\Arduino\lib\batik-css-1.8.jar;C:\Program Files (x86)\Arduino\lib\batik-dom-1.8.jar;C:\Program Files (x86)\Arduino\lib\batik-ext-1.8.jar;C:\Program Files (x86)\Arduino\lib\batik-gvt-1.8.jar;C:\Program Files (x86)\Arduino\lib\batik-parser-1.8.jar;C:\Program Files (x86)\Arduino\lib\batik-rasterizer-1.8.jar;C:\Program Files (x86)\Arduino\lib\batik-script-1.8.jar;C:\Program Files (x86)\Arduino\lib\batik-squiggle-1.8.jar;C:\Program Files (x86)\Arduino\lib\batik-svg-dom-1.8.jar;C:\Program Files (x86)\Arduino\lib\batik-svgpp-1.8.jar;C:\Program Files (x86)\Arduino\lib\batik-transcoder-1.8.jar;C:\Program Files (x86)\Arduino\lib\batik-util-1.8.jar;C:\Program Files (x86)\Arduino\lib\batik-xml-1.8.jar;C:\Program Files (x86)\Arduino\lib\bcpg-jdk15on-152.jar;C:\Program Files (x86)\Arduino\lib\bcprov-jdk15on-152.jar;C:\Program Files (x86)\Arduino\lib\commons-codec-1.7.jar;C:\Program Files (x86)\Arduino\lib\commons-compress-1.8.jar;C:\Program Files (x86)\Arduino\lib\commons-exec-1.1.jar;C:\Program Files (x86)\Arduino\lib\commons-httpclient-3.1.jar;C:\Program Files (x86)\Arduino\lib\commons-lang3-3.3.2.jar;C:\Program Files (x86)\Arduino\lib\commons-logging-1.0.4.jar;C:\Program Files (x86)\Arduino\lib\commons-net-3.3.jar;C:\Program Files (x86)\Arduino\lib\jackson-annotations-2.6.3.jar;C:\Program Files (x86)\Arduino\lib\jackson-core-2.6.3.jar;C:\Program Files (x86)\Arduino\lib\jackson-databind-2.6.3.jar;C:\Program Files (x86)\Arduino\lib\jackson-module-mrbean-2.6.3.jar;C:\Program Files (x86)\Arduino\lib\java-semver-0.8.0.jar;C:\Program Files (x86)\Arduino\lib\jmdns-3.4.1.j
Launcher Type: SUN_STANDARD

Environment Variables:
PATH=C:\WinAVR-20100110\bin;C:\WinAVR-20100110\utils\bin;C:\Program Files (x86)\NVIDIA Corporation\PhysX\Common;C:\WINDOWS\system32;C:\WINDOWS;C:\WINDOWS\System32\Wbem;C:\WINDOWS\System32\WindowsPowerShell\v1.0\;C:\WINDOWS\system32\config\systemprofile\.dnx\bin;C:\Program Files\Microsoft DNX\Dnvm\;C:\Program Files\Microsoft SQL Server\120\Tools\Binn\;C:\Program Files\Microsoft SQL Server\130\Tools\Binn\;C:\Program Files\Git\cmd;C:\Program Files (x86)\Windows Kits\10\Windows Performance Toolkit\;C:\Program Files (x86)\CMake\bin;C:\Program Files (x86)\Skype\Phone\;C:\Users\kamil\AppData\Local\Microsoft\WindowsApps;;C:\Program Files (x86)\Arduino\java\bin
USERNAME=kamil
OS=Windows_NT
PROCESSOR_IDENTIFIER=Intel64 Family 6 Model 42 Stepping 7, GenuineIntel



---------------  S Y S T E M  ---------------

OS: Windows 10.0 , 64 bit Build 14393 (10.0.14393.0)

CPU:total 4 (2 cores per cpu, 2 threads per core) family 6 model 42 stepping 7, cmov, cx8, fxsr, mmx, sse, sse2, sse3, ssse3, sse4.1, sse4.2, popcnt, avx, aes, clmul, ht, tsc, tscinvbit

Memory: 4k page, physical 8344624k(5419480k free), swap 10310704k(7035616k free)

vm_info: Java HotSpot(TM) Client VM (25.66-b17) for windows-x86 JRE (1.8.0_66-b17), built on Oct  6 2015 19:59:47 by "java_re" with MS VC++ 10.0 (VS2010)

time: Fri Sep 30 20:56:03 2016
elapsed time: 234 seconds (0d 0h 3m 54s)

